<?xml version="1.0" encoding="UTF-8"?>
<testsuite xmlns:xsi="http://www.w3.org/2001/XMLSchema-instance" xsi:noNamespaceSchemaLocation="https://maven.apache.org/surefire/maven-surefire-plugin/xsd/surefire-test-report-3.0.xsd" version="3.0" name="edu.tamu.project2.csce331.DatabaseTest" time="1.415" tests="2" errors="0" skipped="0" failures="0">
  <properties>
[...]
</properties>
  <testcase name="verify_connection" classname="edu.tamu.project2.csce331.DatabaseTest" time="1.084">
    <system-out><![CDATA[HikariCP connection pool initialized successfully.
]]></system-out>
    <system-err><![CDATA[SLF4J: Failed to load class "org.slf4j.impl.StaticLoggerBinder".
SLF4J: Defaulting to no-operation (NOP) logger implementation
SLF4J: See http://www.slf4j.org/codes.html#StaticLoggerBinder for further details.
]]></system-err>
  </testcase>
  <testcase name="all_expected_tables_exist" classname="edu.tamu.project2.csce331.DatabaseTest" time="0.293">
    <system-out><![CDATA[
Checking required tables in schema 'public':
 - ingredients: FOUND
 - ingredients_map: FOUND
 - menu: FOUND
 - personnel: FOUND
 - transaction_details: FOUND
 - transactions: FOUND
]]></system-out>
  </testcase>
</testsuite>